<?xml version="1.0" encoding="UTF-8"?>
<testng-results ignored="0" total="1" passed="1" failed="0" skipped="0">
  <reporter-output>
  </reporter-output>
  <suite started-at="2024-03-11T17:02:12 IST" name="Suite" finished-at="2024-03-11T17:02:49 IST" duration-ms="36459">
    <groups>
    </groups>
    <test started-at="2024-03-11T17:02:12 IST" name="Test" finished-at="2024-03-11T17:02:49 IST" duration-ms="36459">
      <class name="amazon.MyTest">
        <test-method signature="listProducts()[pri:0, instance:amazon.MyTest@1dde4cb2]" started-at="2024-03-11T17:02:12 IST" name="listProducts" finished-at="2024-03-11T17:02:49 IST" duration-ms="36306" status="PASS">
          <reporter-output>
          </reporter-output>
        </test-method> <!-- listProducts -->
      </class> <!-- amazon.MyTest -->
    </test> <!-- Test -->
  </suite> <!-- Suite -->
</testng-results>
