<?xml version="1.0" encoding="UTF-8"?>
<testsuite xmlns:xsi="http://www.w3.org/2001/XMLSchema-instance" xsi:noNamespaceSchemaLocation="https://maven.apache.org/surefire/maven-surefire-plugin/xsd/surefire-test-report-3.0.xsd" version="3.0" name="TestSuite" time="38.155" tests="1" errors="0" skipped="0" failures="0">
  <properties>
[...]
</properties>
  <testcase name="listProducts" classname="amazon.MyTest" time="36.328">
    <system-out><![CDATA[Unisex Kids Winter Wear Thermal Full Sleeve Tshirt & Pant Set - Xmas| Slim Fit | Super Combed Cotton Rich | Comfortable & Stretchy | Warm & Fresh
Kids Printed Sweatshirt and Joggers Set, 100% Cotton Soft Unisex Clothing Sets, Comfortable Cord Set for Kids With Cool Prints, Everyday Casual Wear for Boys & Girls
YouGotPlanB Unisex Kids Winter Wear Thermal Full Sleeve Tshirt & Pant Combo Set| Slim Fit | Super Combed Cotton Rich | Comfortable & Stretchy | Warm & Fresh
Printed T-Shirts for Kids | Comfortable Polyester Fabric | Round Neck Half Sleeve
Trendy Printed Cotton Blend Hoodie T-shirt Jogger Trackpant Clothing Set for Boys - Pack of 1
New Formal Plain Kids Shirt for Boys
Trendy Printed Cotton Blend Hoodie T-shirt Jogger Trackpant Clothing Set for Boys - Pack of 1
Hosiery Cotton Printed Boys' T-Shirt
Super Yellow Halfsleeve Tshirt with Half Pant for Boys
AB24 Boy's Super Combed Cotton Rich Graphic Printed Half Sleeve Polo T-Shirt
Boy's Regular Tshirt(Pack of 3)

Regular Fit Printed Kids & Junior Boys Shirt (9-10 Years, Black)
Boy's T-Shirt Lion Art
Boy's Regular Fit T-Shirt
Boys Cotton Printed T-Shirt with Attached Shrug Jacket - Full Sleeves
SAGAR IMPEX Boys Cotton Lycra Solid Full Sleeves Shirt and Pant Set with Suspender and Bow Tie | Clothing Set for Boys
Boys Regular Fit Cotton T-Shirt and Trackpant Set
Boys Cotton Typography Print T-Shirt And Pant Set In Orange Color
Boys Ethnic Wear Waist Coat Dress Set DN09
Boys Multi Coloured Vehicle Print Top and Pajama Set
Boy's Loose Fit Track pants(Pack of 5)
Baby Boy's Cotton Printed Kurta With Pyjama Set (Banwery-6_variation)
Baby Boy's Cotton Printed Kurta With Pyjama Set (Banwery-7_variation)
Boy's Regular Fit Track Pants
Unisex Kids Winter Wear Fleece Front Open Thermal Innerwear Top & Full Pant Woolen Warmer Combo Set for Girls Boys, Kids Unisex Body Warmer Thermal (Set of 3)
Boys Shirt and Jeans Set Denim
Sherwani for Kids Boys, Ideal for Birthday, Marriage, Diwali and Other Functions.
Boy's T-Shirt T-Rex Dinosaur
Fashion Digital Men's & Boy's Watch (Black Dial, Green Colored Strap)
Boy's Slim Jeans Streatch
Boy's Regular Fit T-Shirt
Krishn Dungaree Set For Kids | Cotton Dungaree and T-Shirt Clothing Set
Boys Kurta & Paijama Pant
Cotton Kids Kurta Pyjama For Boys | Kurta Paijama Set, (S-145)
Googogaaga Boy's Cotton Full Sleeves Printed Sweatshirt with Pant Set in Black Color
Boys' T-shirt
Boy's Printed Crew Neck Regular Fit T-Shirt- Pack of 5
APN Unisex F/S OE Set Dress Pack of (1)
Boys Navy Cotton Blend Graphic Print Shirt And Pant Set
Boys Coordinate Set, Tshirt Shorts Set
Boys Pajama Top
Boys Full Sleeves Regular Fit Cotton T-Shirt
Marvel Comics Printed Regular Fit Multicolor Cotton Boy's T-Shirt
Boys Cotton Graphic Print Shirt And Formal Set In Maroon Color
Cub McPaws Boys Regular Fit Cotton Blend Fashion Shorts
ZOOTEE Fashion Unisex Kids Boys&Girls Round Neck Half Sleeve Dark Pink Color Cotton Tshirts
Boys Multi Coloured Graphic Print Tees - Pack of 5
On Trend Round Neck Half Sleeves Regular fit Polyester Monkey Luffy Anime Printed T Shirt for Boys and Girls, Kids Color-Black
Boy's And Girl's Wrap Around Sunglasses Black Frame, Black Lens (3-6 Years) - Pack Of 2
Boy's Regular Fit T-Shirt
Uchchitha Designs Boys Ethnic wear Kurta Pajama Dress Set Sequence Kurta Stylish Model
Boy's Solid Cotton Torn Rapture Ripped Distress Stretchable Slim Fit Jeans Denim Pant for Kids Charcoal Grey
Lil Tomatoes Boys Cotton Polo T-Shirt, Mint
Boy's Shirt
Boys Printed Crew Neck T-Shirt
Boys Polo Shirt
Boys Washed Slim Fit Jeans
Kurta Pajama for Kids Boys with Waistcoat | Silk | Floral | Traditional Dress (S-209)
Kids Regular Fit Clothing Set for Boys
Boys Cotton Track Suit
Boys Quirky Graphic Printed Tshirt and Shorts Co ord Set Sporty, Trendy, Set of two, Teen Fashion, Youth Collection, Age 12-20Yrs
Boys Coordinate Set, Tshirt Pyjama Set, Tshirt Shorts Set, Boys Set
Boys Yellow Printed Single Breasted Blazer
Boy's Cotton T-Shirt- Pack of 2
Boy's Regular Tshirt(Pack of 1)
Boys Printed Sleeveless Tshirt Combo - Pack of 2
Boys Checkered Zipper Shirt with T-Shirt

]]></system-out>
    <system-err><![CDATA[SLF4J: Failed to load class "org.slf4j.impl.StaticLoggerBinder".
SLF4J: Defaulting to no-operation (NOP) logger implementation
SLF4J: See http://www.slf4j.org/codes.html#StaticLoggerBinder for further details.
Mar 11, 2024 5:02:23 PM org.openqa.selenium.devtools.CdpVersionFinder findNearestMatch
WARNING: Unable to find CDP implementation matching 122
Mar 11, 2024 5:02:23 PM org.openqa.selenium.chromium.ChromiumDriver lambda$new$5
WARNING: Unable to find version of CDP to use for 122.0.6261.112. You may need to include a dependency on a specific version of the CDP using something similar to `org.seleniumhq.selenium:selenium-devtools-v86:4.11.0` where the version ("v86") matches the version of the chromium-based browser you're using and the version number of the artifact is the same as Selenium's.
]]></system-err>
  </testcase>
</testsuite>