<?xml version="1.0" encoding="UTF-8"?>
<testng-results ignored="0" total="1" passed="1" failed="0" skipped="0">
  <reporter-output>
  </reporter-output>
  <suite started-at="2024-03-11T16:58:18 IST" name="Default suite" finished-at="2024-03-11T16:58:52 IST" duration-ms="33318">
    <groups>
    </groups>
    <test started-at="2024-03-11T16:58:18 IST" name="Default test" finished-at="2024-03-11T16:58:52 IST" duration-ms="33318">
      <class name="amazon.MyTest">
        <test-method signature="listProducts()[pri:0, instance:amazon.MyTest@1a942c18]" started-at="2024-03-11T16:58:19 IST" name="listProducts" finished-at="2024-03-11T16:58:52 IST" duration-ms="33166" status="PASS">
          <reporter-output>
          </reporter-output>
        </test-method> <!-- listProducts -->
      </class> <!-- amazon.MyTest -->
    </test> <!-- Default test -->
  </suite> <!-- Default suite -->
</testng-results>
